c:\users\jguo5\source\repos\ntcomparesigninglevels-hook\kernel\x64\release\vc142.pdb
c:\users\jguo5\source\repos\ntcomparesigninglevels-hook\kernel\x64\release\drver.obj
c:\users\jguo5\source\repos\ntcomparesigninglevels-hook\x64\release\kernel\kernel.cat
c:\users\jguo5\source\repos\ntcomparesigninglevels-hook\x64\release\kernel.sys
c:\users\jguo5\source\repos\ntcomparesigninglevels-hook\x64\release\kernel.pdb
c:\users\jguo5\source\repos\ntcomparesigninglevels-hook\kernel\x64\release\kernel.inf
c:\users\jguo5\source\repos\ntcomparesigninglevels-hook\x64\release\kernel.inf
c:\users\jguo5\source\repos\ntcomparesigninglevels-hook\kernel\x64\release\kernel.tlog\cl.command.1.tlog
c:\users\jguo5\source\repos\ntcomparesigninglevels-hook\kernel\x64\release\kernel.tlog\cl.read.1.tlog
c:\users\jguo5\source\repos\ntcomparesigninglevels-hook\kernel\x64\release\kernel.tlog\cl.write.1.tlog
c:\users\jguo5\source\repos\ntcomparesigninglevels-hook\kernel\x64\release\kernel.tlog\inf2cat-expand.12992.read.1.tlog
c:\users\jguo5\source\repos\ntcomparesigninglevels-hook\kernel\x64\release\kernel.tlog\inf2cat-expand.12992.write.1.tlog
c:\users\jguo5\source\repos\ntcomparesigninglevels-hook\kernel\x64\release\kernel.tlog\inf2cat-expand.read.1.tlog
c:\users\jguo5\source\repos\ntcomparesigninglevels-hook\kernel\x64\release\kernel.tlog\inf2cat-expand.write.1.tlog
c:\users\jguo5\source\repos\ntcomparesigninglevels-hook\kernel\x64\release\kernel.tlog\inf2cat.command.1.tlog
c:\users\jguo5\source\repos\ntcomparesigninglevels-hook\kernel\x64\release\kernel.tlog\inf2cat.read.1.tlog
c:\users\jguo5\source\repos\ntcomparesigninglevels-hook\kernel\x64\release\kernel.tlog\inf2cat.write.1.tlog
c:\users\jguo5\source\repos\ntcomparesigninglevels-hook\kernel\x64\release\kernel.tlog\link.command.1.tlog
c:\users\jguo5\source\repos\ntcomparesigninglevels-hook\kernel\x64\release\kernel.tlog\link.read.1.tlog
c:\users\jguo5\source\repos\ntcomparesigninglevels-hook\kernel\x64\release\kernel.tlog\link.write.1.tlog
c:\users\jguo5\source\repos\ntcomparesigninglevels-hook\kernel\x64\release\kernel.tlog\stampinf.command.1.tlog
c:\users\jguo5\source\repos\ntcomparesigninglevels-hook\kernel\x64\release\kernel.tlog\stampinf.read.1.tlog
c:\users\jguo5\source\repos\ntcomparesigninglevels-hook\kernel\x64\release\kernel.tlog\stampinf.write.1.tlog
